<?xml version="1.0" encoding="UTF-8"?>
<testsuite xmlns:xsi="http://www.w3.org/2001/XMLSchema-instance" xsi:noNamespaceSchemaLocation="https://maven.apache.org/surefire/maven-surefire-plugin/xsd/surefire-test-report.xsd" version="3.0.2" name="com.SchoolManagementSystem.SchoolManagementSystem.SchoolManagementSystemApplicationTests" time="13.79" tests="1" errors="0" skipped="0" failures="0">
  <properties>
[...]
</properties>
  <testcase name="contextLoads" classname="com.SchoolManagementSystem.SchoolManagementSystem.SchoolManagementSystemApplicationTests" time="0.931">
    <system-out><![CDATA[08:28:20.049 [main] INFO org.springframework.test.context.support.AnnotationConfigContextLoaderUtils -- Could not detect default configuration classes for test class [com.SchoolManagementSystem.SchoolManagementSystem.SchoolManagementSystemApplicationTests]: SchoolManagementSystemApplicationTests does not declare any static, non-private, non-final, nested classes annotated with @Configuration.
08:28:20.315 [main] INFO org.springframework.boot.test.context.SpringBootTestContextBootstrapper -- Found @SpringBootConfiguration com.SchoolManagementSystem.SchoolManagementSystem.SchoolManagementSystemApplication for test class com.SchoolManagementSystem.SchoolManagementSystem.SchoolManagementSystemApplicationTests

  .   ____          _            __ _ _
 /\\ / ___'_ __ _ _(_)_ __  __ _ \ \ \ \
( ( )\___ | '_ | '_| | '_ \/ _` | \ \ \ \
 \\/  ___)| |_)| | | | | || (_| |  ) ) ) )
  '  |____| .__|_| |_|_| |_\__, | / / / /
 =========|_|==============|___/=/_/_/_/

 :: Spring Boot ::                (v3.5.9)

2026-03-31T08:28:21.749+05:30  INFO 14344 --- [SchoolManagementSystem] [           main] S.SchoolManagementSystemApplicationTests : Starting SchoolManagementSystemApplicationTests using Java 25.0.1 with PID 14344 (started by tarun in C:\Users\tarun\Downloads\SchoolManagementSystem\SchoolManagementSystem)
2026-03-31T08:28:21.754+05:30  INFO 14344 --- [SchoolManagementSystem] [           main] S.SchoolManagementSystemApplicationTests : No active profile set, falling back to 1 default profile: "default"
2026-03-31T08:28:23.721+05:30  INFO 14344 --- [SchoolManagementSystem] [           main] .s.d.r.c.RepositoryConfigurationDelegate : Bootstrapping Spring Data JPA repositories in DEFAULT mode.
2026-03-31T08:28:23.848+05:30  INFO 14344 --- [SchoolManagementSystem] [           main] .s.d.r.c.RepositoryConfigurationDelegate : Finished Spring Data repository scanning in 99 ms. Found 4 JPA repository interfaces.
2026-03-31T08:28:24.930+05:30  INFO 14344 --- [SchoolManagementSystem] [           main] o.hibernate.jpa.internal.util.LogHelper  : HHH000204: Processing PersistenceUnitInfo [name: default]
2026-03-31T08:28:25.115+05:30  INFO 14344 --- [SchoolManagementSystem] [           main] org.hibernate.Version                    : HHH000412: Hibernate ORM core version 6.6.39.Final
2026-03-31T08:28:25.214+05:30  INFO 14344 --- [SchoolManagementSystem] [           main] o.h.c.internal.RegionFactoryInitiator    : HHH000026: Second-level cache disabled
2026-03-31T08:28:26.008+05:30  INFO 14344 --- [SchoolManagementSystem] [           main] o.s.o.j.p.SpringPersistenceUnitInfo      : No LoadTimeWeaver setup: ignoring JPA class transformer
2026-03-31T08:28:26.103+05:30  INFO 14344 --- [SchoolManagementSystem] [           main] com.zaxxer.hikari.HikariDataSource       : HikariPool-1 - Starting...
2026-03-31T08:28:26.711+05:30  INFO 14344 --- [SchoolManagementSystem] [           main] com.zaxxer.hikari.pool.HikariPool        : HikariPool-1 - Added connection org.postgresql.jdbc.PgConnection@9c0d0bd
2026-03-31T08:28:26.715+05:30  INFO 14344 --- [SchoolManagementSystem] [           main] com.zaxxer.hikari.HikariDataSource       : HikariPool-1 - Start completed.
2026-03-31T08:28:26.870+05:30  INFO 14344 --- [SchoolManagementSystem] [           main] org.hibernate.orm.connections.pooling    : HHH10001005: Database info:
	Database JDBC URL [Connecting through datasource 'HikariDataSource (HikariPool-1)']
	Database driver: undefined/unknown
	Database version: 13.23
	Autocommit mode: undefined/unknown
	Isolation level: undefined/unknown
	Minimum pool size: undefined/unknown
	Maximum pool size: undefined/unknown
2026-03-31T08:28:29.261+05:30  INFO 14344 --- [SchoolManagementSystem] [           main] o.h.e.t.j.p.i.JtaPlatformInitiator       : HHH000489: No JTA platform available (set 'hibernate.transaction.jta.platform' to enable JTA platform integration)
Hibernate: set client_min_messages = WARNING
Hibernate: alter table if exists professor_student drop constraint if exists FKpd4aaef0ckl1xhxvj6j4quf9c
Hibernate: alter table if exists professor_student drop constraint if exists FKhdpclxdfe6vt5dt576lpd1qi0
Hibernate: alter table if exists student_entity drop constraint if exists FKrl479wiybjqq971un1utdbmu2
Hibernate: alter table if exists sub_student_table drop constraint if exists FKqwiikcjam7fgvyuot2w9c3dt0
Hibernate: alter table if exists sub_student_table drop constraint if exists FKpgp2nyepwk5ql6gk1t9m2v61l
Hibernate: alter table if exists subject_entity drop constraint if exists FK6ibu7trv8ma2fd1bq7pryor22
Hibernate: drop table if exists admin_entity cascade
Hibernate: drop table if exists professor_student cascade
Hibernate: drop table if exists professor_entity cascade
Hibernate: drop table if exists student_entity cascade
Hibernate: drop table if exists sub_student_table cascade
Hibernate: drop table if exists subject_entity cascade
Hibernate: create table admin_entity (fees integer not null, id bigint generated by default as identity, primary key (id))
Hibernate: create table professor_student (professor_id bigint not null, student_id bigint not null)
Hibernate: create table professor_entity (id bigint generated by default as identity, name varchar(40) not null, primary key (id))
Hibernate: create table student_entity (admin_id bigint unique, id bigint generated by default as identity, name varchar(40) not null, primary key (id))
Hibernate: create table sub_student_table (stud_id bigint not null, sub_id bigint not null)
Hibernate: create table subject_entity (id bigint generated by default as identity, professor_id bigint, title varchar(40) not null, primary key (id))
Hibernate: alter table if exists professor_student add constraint FKpd4aaef0ckl1xhxvj6j4quf9c foreign key (student_id) references student_entity
Hibernate: alter table if exists professor_student add constraint FKhdpclxdfe6vt5dt576lpd1qi0 foreign key (professor_id) references professor_entity
Hibernate: alter table if exists student_entity add constraint FKrl479wiybjqq971un1utdbmu2 foreign key (admin_id) references admin_entity
Hibernate: alter table if exists sub_student_table add constraint FKqwiikcjam7fgvyuot2w9c3dt0 foreign key (sub_id) references subject_entity
Hibernate: alter table if exists sub_student_table add constraint FKpgp2nyepwk5ql6gk1t9m2v61l foreign key (stud_id) references student_entity
Hibernate: alter table if exists subject_entity add constraint FK6ibu7trv8ma2fd1bq7pryor22 foreign key (professor_id) references professor_entity
2026-03-31T08:28:29.477+05:30  INFO 14344 --- [SchoolManagementSystem] [           main] j.LocalContainerEntityManagerFactoryBean : Initialized JPA EntityManagerFactory for persistence unit 'default'
2026-03-31T08:28:30.174+05:30  INFO 14344 --- [SchoolManagementSystem] [           main] o.s.d.j.r.query.QueryEnhancerFactory     : Hibernate is in classpath; If applicable, HQL parser will be used.
2026-03-31T08:28:31.691+05:30  WARN 14344 --- [SchoolManagementSystem] [           main] JpaBaseConfiguration$JpaWebConfiguration : spring.jpa.open-in-view is enabled by default. Therefore, database queries may be performed during view rendering. Explicitly configure spring.jpa.open-in-view to disable this warning
2026-03-31T08:28:32.550+05:30  INFO 14344 --- [SchoolManagementSystem] [           main] S.SchoolManagementSystemApplicationTests : Started SchoolManagementSystemApplicationTests in 11.851 seconds (process running for 13.898)
]]></system-out>
    <system-err><![CDATA[Mockito is currently self-attaching to enable the inline-mock-maker. This will no longer work in future releases of the JDK. Please add Mockito as an agent to your build as described in Mockito's documentation: https://javadoc.io/doc/org.mockito/mockito-core/latest/org.mockito/org/mockito/Mockito.html#0.3
WARNING: A Java agent has been loaded dynamically (C:\Users\tarun\.m2\repository\net\bytebuddy\byte-buddy-agent\1.17.8\byte-buddy-agent-1.17.8.jar)
WARNING: If a serviceability tool is in use, please run with -XX:+EnableDynamicAgentLoading to hide this warning
WARNING: If a serviceability tool is not in use, please run with -Djdk.instrument.traceUsage for more information
WARNING: Dynamic loading of agents will be disallowed by default in a future release
]]></system-err>
  </testcase>
</testsuite>